<?xml version="1.0" encoding="UTF-8"?>
<!-- Generated by org.testng.reporters.JUnitXMLReporter -->
<testsuite ignored="8" hostname="DESKTOP-I882LUR" failures="1" tests="1" name="ChromeTest" time="18.641" errors="0" timestamp="2025-04-04T17:08:36 IST">
  <testcase classname="test.LogoutTest" name="Logout01" time="0.72">
    <failure type="org.openqa.selenium.StaleElementReferenceException" message="The element with the reference 42ff5196-9d81-4dd3-b810-9196570e726b is stale; either its node document is not the active document, or it is no longer connected to the DOM
For documentation on this error, please visit: https://www.selenium.dev/documentation/webdriver/troubleshooting/errors#stale-element-reference-exception
Build info: version: &amp;apos;4.25.0&amp;apos;, revision: &amp;apos;8a8aea2337&amp;apos;
System info: os.name: &amp;apos;Windows 11&amp;apos;, os.arch: &amp;apos;amd64&amp;apos;, os.version: &amp;apos;10.0&amp;apos;, java.version: &amp;apos;21.0.5&amp;apos;
Driver info: org.openqa.selenium.firefox.FirefoxDriver
Command: [9ae279e4-c111-4bd0-9ebd-1f8cfcbfa149, clickElement {id=42ff5196-9d81-4dd3-b810-9196570e726b}]
Capabilities {acceptInsecureCerts: true, browserName: firefox, browserVersion: 137.0, moz:accessibilityChecks: false, moz:buildID: 20250327043313, moz:debuggerAddress: 127.0.0.1:48890, moz:geckodriverVersion: 0.36.0, moz:headless: false, moz:platformVersion: 10.0, moz:processID: 30396, moz:profile: C:\Users\Pradeep\AppData\Lo..., moz:shutdownTimeout: 60000, moz:webdriverClick: true, moz:windowless: false, pageLoadStrategy: normal, platformName: windows, proxy: Proxy(), se:cdp: ws://127.0.0.1:48890/devtoo..., se:cdpVersion: 85.0, setWindowRect: true, strictFileInteractability: false, timeouts: {implicit: 0, pageLoad: 300000, script: 30000}, unhandledPromptBehavior: dismiss and notify, userAgent: Mozilla/5.0 (Windows NT 10....}
Element: [[FirefoxDriver: firefox on windows (9ae279e4-c111-4bd0-9ebd-1f8cfcbfa149)] -&amp;gt; id: login]
Session ID: 9ae279e4-c111-4bd0-9ebd-1f8cfcbfa149">
      <![CDATA[org.openqa.selenium.StaleElementReferenceException: The element with the reference 42ff5196-9d81-4dd3-b810-9196570e726b is stale; either its node document is not the active document, or it is no longer connected to the DOM
For documentation on this error, please visit: https://www.selenium.dev/documentation/webdriver/troubleshooting/errors#stale-element-reference-exception
Build info: version: '4.25.0', revision: '8a8aea2337'
System info: os.name: 'Windows 11', os.arch: 'amd64', os.version: '10.0', java.version: '21.0.5'
Driver info: org.openqa.selenium.firefox.FirefoxDriver
Command: [9ae279e4-c111-4bd0-9ebd-1f8cfcbfa149, clickElement {id=42ff5196-9d81-4dd3-b810-9196570e726b}]
Capabilities {acceptInsecureCerts: true, browserName: firefox, browserVersion: 137.0, moz:accessibilityChecks: false, moz:buildID: 20250327043313, moz:debuggerAddress: 127.0.0.1:48890, moz:geckodriverVersion: 0.36.0, moz:headless: false, moz:platformVersion: 10.0, moz:processID: 30396, moz:profile: C:\Users\Pradeep\AppData\Lo..., moz:shutdownTimeout: 60000, moz:webdriverClick: true, moz:windowless: false, pageLoadStrategy: normal, platformName: windows, proxy: Proxy(), se:cdp: ws://127.0.0.1:48890/devtoo..., se:cdpVersion: 85.0, setWindowRect: true, strictFileInteractability: false, timeouts: {implicit: 0, pageLoad: 300000, script: 30000}, unhandledPromptBehavior: dismiss and notify, userAgent: Mozilla/5.0 (Windows NT 10....}
Element: [[FirefoxDriver: firefox on windows (9ae279e4-c111-4bd0-9ebd-1f8cfcbfa149)] -> id: login]
Session ID: 9ae279e4-c111-4bd0-9ebd-1f8cfcbfa149
at org.openqa.selenium.remote.ErrorCodec.decode(ErrorCodec.java:167)
at org.openqa.selenium.remote.codec.w3c.W3CHttpResponseCodec.decode(W3CHttpResponseCodec.java:138)
at org.openqa.selenium.remote.codec.w3c.W3CHttpResponseCodec.decode(W3CHttpResponseCodec.java:50)
at org.openqa.selenium.remote.HttpCommandExecutor.execute(HttpCommandExecutor.java:190)
at org.openqa.selenium.remote.service.DriverCommandExecutor.invokeExecute(DriverCommandExecutor.java:216)
at org.openqa.selenium.remote.service.DriverCommandExecutor.execute(DriverCommandExecutor.java:174)
at org.openqa.selenium.remote.RemoteWebDriver.execute(RemoteWebDriver.java:545)
at org.openqa.selenium.remote.RemoteWebElement.execute(RemoteWebElement.java:223)
at org.openqa.selenium.remote.RemoteWebElement.click(RemoteWebElement.java:76)
at org.openqa.selenium.support.pagefactory.internal.LocatingElementHandler.invoke(LocatingElementHandler.java:51)
at jdk.proxy2/jdk.proxy2.$Proxy20.click(Unknown Source)
at page.Loginpage.Login(Loginpage.java:39)
at test.LogoutTest.Logout01(LogoutTest.java:28)
at java.base/java.util.ArrayList.forEach(ArrayList.java:1596)
at java.base/java.util.concurrent.FutureTask.run(FutureTask.java:317)
at java.base/java.util.concurrent.ThreadPoolExecutor.runWorker(ThreadPoolExecutor.java:1144)
at java.base/java.util.concurrent.ThreadPoolExecutor$Worker.run(ThreadPoolExecutor.java:642)
at java.base/java.lang.Thread.run(Thread.java:1583)
... Removed 20 stack frames]]>
    </failure>
  </testcase> <!-- Logout01 -->
  <testcase classname="base.ProjectSpecificationMethod" name="@AfterSuite closeReport" time="0.0">
    <ignored/>
  </testcase> <!-- @AfterSuite closeReport -->
  <testcase classname="base.ProjectSpecificationMethod" name="@BeforeSuite reportIniatialization" time="0.0">
    <ignored/>
  </testcase> <!-- @BeforeSuite reportIniatialization -->
  <testcase classname="base.ProjectSpecificationMethod" name="@BeforeSuite reportIniatialization" time="0.0">
    <ignored/>
  </testcase> <!-- @BeforeSuite reportIniatialization -->
  <testcase classname="base.ProjectSpecificationMethod" name="@BeforeSuite reportIniatialization" time="0.0">
    <ignored/>
  </testcase> <!-- @BeforeSuite reportIniatialization -->
  <testcase classname="base.ProjectSpecificationMethod" name="@AfterSuite closeReport" time="0.0">
    <ignored/>
  </testcase> <!-- @AfterSuite closeReport -->
  <testcase classname="base.ProjectSpecificationMethod" name="@BeforeSuite reportIniatialization" time="0.0">
    <ignored/>
  </testcase> <!-- @BeforeSuite reportIniatialization -->
  <testcase classname="base.ProjectSpecificationMethod" name="@AfterSuite closeReport" time="0.0">
    <ignored/>
  </testcase> <!-- @AfterSuite closeReport -->
  <testcase classname="base.ProjectSpecificationMethod" name="@AfterSuite closeReport" time="0.0">
    <ignored/>
  </testcase> <!-- @AfterSuite closeReport -->
</testsuite> <!-- ChromeTest -->
